<?xml version="1.0" encoding="UTF-8"?>
<!-- Generated by org.testng.reporters.JUnitXMLReporter -->
<testsuite ignored="0" hostname="DESKTOP-SPS7N41" failures="0" tests="6" name="Test" time="0.051" errors="0" timestamp="2020-12-24T11:43:59 JST">
  <testcase classname="MainMavenProject.MavenIntro.RestTest" name="RestIOSApps" time="0.007"/>
  <testcase classname="MainMavenProject.MavenIntro.RestTest" name="nativeAppAndroidRest" time="0.001"/>
  <testcase classname="MainMavenProject.MavenIntro.SeleniumTest" name="browserAutomation" time="0.001"/>
  <testcase classname="MainMavenProject.MavenIntro.SeleniumTest" name="elementUi" time="0.001"/>
  <testcase classname="MainMavenProject.MavenIntro.AppiumTest" name="IOSApps" time="0.001"/>
  <testcase classname="MainMavenProject.MavenIntro.AppiumTest" name="nativeAppAndroid" time="0.001"/>
</testsuite> <!-- Test -->
