<?xml version="1.0" encoding="UTF-8"?>
<!-- Generated by org.testng.reporters.JUnitXMLReporter -->
<testsuite ignored="2" hostname="DESKTOP-SPS7N41" failures="0" tests="1" name="Test" time="7.299" errors="0" timestamp="2020-12-24T14:15:14 JST">
  <testcase classname="MainMavenProject.MavenIntro.SeleniumTest" name="passDataFRomChild" time="7.268"/>
  <testcase classname="MainMavenProject.MavenIntro.SeleniumTest" name="elementUi" time="0.0">
    <ignored/>
  </testcase> <!-- elementUi -->
  <testcase classname="MainMavenProject.MavenIntro.SeleniumTest" name="browserAutomation" time="0.0">
    <ignored/>
  </testcase> <!-- browserAutomation -->
</testsuite> <!-- Test -->
