<?xml version="1.0" encoding="UTF-8"?>
<testng-results ignored="2" total="3" passed="1" failed="0" skipped="0">
  <reporter-output>
  </reporter-output>
  <suite started-at="2020-12-24T14:15:07 JST" name="Suite" finished-at="2020-12-24T14:15:14 JST" duration-ms="7299">
    <groups>
    </groups>
    <test started-at="2020-12-24T14:15:07 JST" name="Test" finished-at="2020-12-24T14:15:14 JST" duration-ms="7299">
      <class name="MainMavenProject.MavenIntro.SeleniumTest">
        <test-method signature="passDataFRomChild()[pri:0, instance:MainMavenProject.MavenIntro.SeleniumTest@2f54a33d]" started-at="2020-12-24T14:15:07 JST" name="passDataFRomChild" finished-at="2020-12-24T14:15:14 JST" duration-ms="7268" status="PASS">
          <reporter-output>
          </reporter-output>
        </test-method> <!-- passDataFRomChild -->
      </class> <!-- MainMavenProject.MavenIntro.SeleniumTest -->
    </test> <!-- Test -->
  </suite> <!-- Suite -->
</testng-results>
