<?xml version="1.0" encoding="UTF-8"?>
<testng-results ignored="0" total="6" passed="6" failed="0" skipped="0">
  <reporter-output>
  </reporter-output>
  <suite started-at="2020-12-24T11:43:59 JST" name="Suite" finished-at="2020-12-24T11:43:59 JST" duration-ms="51">
    <groups>
    </groups>
    <test started-at="2020-12-24T11:43:59 JST" name="Test" finished-at="2020-12-24T11:43:59 JST" duration-ms="51">
      <class name="MainMavenProject.MavenIntro.RestTest">
        <test-method signature="RestIOSApps()[pri:0, instance:MainMavenProject.MavenIntro.RestTest@3315d2d7]" started-at="2020-12-24T11:43:59 JST" name="RestIOSApps" finished-at="2020-12-24T11:43:59 JST" duration-ms="7" status="PASS">
          <reporter-output>
          </reporter-output>
        </test-method> <!-- RestIOSApps -->
        <test-method signature="nativeAppAndroidRest()[pri:0, instance:MainMavenProject.MavenIntro.RestTest@3315d2d7]" started-at="2020-12-24T11:43:59 JST" name="nativeAppAndroidRest" finished-at="2020-12-24T11:43:59 JST" duration-ms="1" status="PASS">
          <reporter-output>
          </reporter-output>
        </test-method> <!-- nativeAppAndroidRest -->
      </class> <!-- MainMavenProject.MavenIntro.RestTest -->
      <class name="MainMavenProject.MavenIntro.SeleniumTest">
        <test-method signature="browserAutomation()[pri:0, instance:MainMavenProject.MavenIntro.SeleniumTest@d6e7bab]" started-at="2020-12-24T11:43:59 JST" name="browserAutomation" finished-at="2020-12-24T11:43:59 JST" duration-ms="1" status="PASS">
          <reporter-output>
          </reporter-output>
        </test-method> <!-- browserAutomation -->
        <test-method signature="elementUi()[pri:0, instance:MainMavenProject.MavenIntro.SeleniumTest@d6e7bab]" started-at="2020-12-24T11:43:59 JST" name="elementUi" finished-at="2020-12-24T11:43:59 JST" duration-ms="1" status="PASS">
          <reporter-output>
          </reporter-output>
        </test-method> <!-- elementUi -->
      </class> <!-- MainMavenProject.MavenIntro.SeleniumTest -->
      <class name="MainMavenProject.MavenIntro.AppiumTest">
        <test-method signature="IOSApps()[pri:0, instance:MainMavenProject.MavenIntro.AppiumTest@5fa07e12]" started-at="2020-12-24T11:43:59 JST" name="IOSApps" finished-at="2020-12-24T11:43:59 JST" duration-ms="1" status="PASS">
          <reporter-output>
          </reporter-output>
        </test-method> <!-- IOSApps -->
        <test-method signature="nativeAppAndroid()[pri:0, instance:MainMavenProject.MavenIntro.AppiumTest@5fa07e12]" started-at="2020-12-24T11:43:59 JST" name="nativeAppAndroid" finished-at="2020-12-24T11:43:59 JST" duration-ms="1" status="PASS">
          <reporter-output>
          </reporter-output>
        </test-method> <!-- nativeAppAndroid -->
      </class> <!-- MainMavenProject.MavenIntro.AppiumTest -->
    </test> <!-- Test -->
  </suite> <!-- Suite -->
</testng-results>
